[18:00:21.311][INFO][CraftTweaker-EarlyInit]: CraftTweaker is running on a Minecraft 1.20.1 production server modded with platform Forge
[18:00:21.332][INFO][CraftTweaker-EarlyInit]: Successfully injected RecipeFS file system
[18:00:21.392][INFO][CraftTweaker-Plugins]: Successfully identified and loaded plugin crafttweaker:builtin
[18:00:21.393][INFO][CraftTweaker-Plugins]: Successfully identified and loaded plugin crafttweaker:builtin_forge
[18:00:21.399][INFO][CraftTweaker-Plugins]: Successfully identified and loaded plugin farmersdelight:crafttweaker_plugin
[18:00:22.117][INFO][CraftTweaker]: The following mods have explicit CraftTweaker support through the default plugin:
[18:00:22.118][INFO][CraftTweaker]: - 'aether' at version '1.20.1-1.5.2-neoforge'
[18:00:22.118][INFO][CraftTweaker]: - 'aquaculture' at version '2.5.5'
[18:00:22.118][INFO][CraftTweaker]: - 'crafttweaker' at version '14.0.59'
[18:00:22.118][INFO][CraftTweaker]: - 'farmersdelight' at version '1.20.1-1.2.9'
[18:00:34.586][INFO][CraftTweaker-ZenCode]: Started loading scripts for loader 'initialize'
[18:00:35.080][INFO][CraftTweaker-ZenCode]: Compiling and executing scripts
[18:00:35.111][INFO][CraftTweaker-ZenCode]: Successfully initialized modules [crafttweaker, expansions]
[18:00:35.181][INFO][CraftTweaker-ZenCode]: Execution for loader 'initialize' completed successfully
[18:00:43.916][INFO][CraftTweaker-ZenCode]: Started loading scripts for loader 'tags'
[18:00:43.946][INFO][CraftTweaker-ZenCode]: Compiling and executing scripts
[18:00:43.970][INFO][CraftTweaker-ZenCode]: Successfully initialized modules [crafttweaker, expansions]
[18:00:43.986][INFO][CraftTweaker-ZenCode]: Execution for loader 'tags' completed successfully
[18:00:45.507][INFO][CraftTweaker]: crafttweaker.reload.start
[18:00:45.510][INFO][CraftTweaker-ZenCode]: Started loading scripts for loader 'crafttweaker'
[18:00:45.529][INFO][CraftTweaker-ZenCode]: Compiling and executing scripts
[18:00:45.888][INFO][CraftTweaker-ZenCode]: Successfully initialized modules [mods, crafttweaker, expansions]
[18:00:45.898][INFO][CraftTweaker-ZenCode]: Execution for loader 'crafttweaker' completed successfully
[18:00:45.899][INFO][CraftTweaker]: crafttweaker.reload.complete
