[05Sep2025 00:07:00.988] [Server thread/INFO] [dev.uncandango.alltheleaks.AllTheLeaks/]: Listing events...
[05Sep2025 00:07:00.990] [Server thread/INFO] [dev.uncandango.alltheleaks.AllTheLeaks/]: Listing memory leaks so far...
[05Sep2025 00:07:00.990] [Server thread/INFO] [dev.uncandango.alltheleaks.AllTheLeaks/]: Waiting to stabilize [2/10]
[05Sep2025 00:07:00.990] [Server thread/INFO] [dev.uncandango.alltheleaks.AllTheLeaks/]: No memory leak detected!
[05Sep2025 00:08:10.671] [Server thread/INFO] [net.minecraft.server.MinecraftServer/]: ExultantBeast16 has made the advancement [Now You're Thinking with Portals!]
[05Sep2025 00:08:10.672] [Server thread/INFO] [net.minecraft.server.MinecraftServer/]: ExultantBeast16 has made the advancement [Forever Bright?]
[05Sep2025 00:09:02.147] [Server thread/WARN] [net.minecraft.server.MinecraftServer/]: Can't keep up! Is the server overloaded? Running 6915ms or 138 ticks behind
[05Sep2025 00:09:31.355] [Worker-Main-77/WARN] [ModernFix/]: Skipped emitting ENTITY_MOUNT game event for entity Spider['Spider'/14733, l='ServerLevel[world]', x=-410.50, y=-3.00, z=1416.50] as it would cause deadlock
[05Sep2025 00:09:31.677] [Worker-Main-79/WARN] [ModernFix/]: Skipped emitting ENTITY_MOUNT game event for entity Spider['Spider'/14752, l='ServerLevel[world]', x=-331.50, y=-6.00, z=1415.50] as it would cause deadlock
[05Sep2025 00:09:35.557] [Worker-Main-80/WARN] [ModernFix/]: Skipped emitting ENTITY_MOUNT game event for entity CaveSpider['Cave Spider'/14801, l='ServerLevel[world]', x=-406.50, y=-28.00, z=1399.50] as it would cause deadlock
[05Sep2025 00:09:36.101] [Worker-Main-79/WARN] [ModernFix/]: Skipped emitting ENTITY_MOUNT game event for entity Spider['Spider'/14818, l='ServerLevel[world]', x=-476.50, y=-53.00, z=1399.50] as it would cause deadlock
[05Sep2025 00:09:36.119] [Worker-Main-79/WARN] [ModernFix/]: Skipped emitting ENTITY_MOUNT game event for entity Spider['Spider'/14820, l='ServerLevel[world]', x=-484.50, y=-53.00, z=1399.50] as it would cause deadlock
[05Sep2025 00:09:36.129] [Worker-Main-79/WARN] [ModernFix/]: Skipped emitting ENTITY_MOUNT game event for entity Spider['Spider'/14822, l='ServerLevel[world]', x=-484.50, y=22.00, z=1393.50] as it would cause deadlock
[05Sep2025 00:09:40.157] [Worker-Main-71/WARN] [ModernFix/]: Skipped emitting ENTITY_MOUNT game event for entity Spider['Spider'/14869, l='ServerLevel[world]', x=-484.50, y=22.00, z=1385.50] as it would cause deadlock
[05Sep2025 00:09:42.557] [Worker-Main-53/WARN] [ModernFix/]: Skipped emitting ENTITY_MOUNT game event for entity Spider['Spider'/14920, l='ServerLevel[world]', x=-346.50, y=-28.00, z=1367.50] as it would cause deadlock
[05Sep2025 00:09:47.049] [Worker-Main-72/WARN] [ModernFix/]: Skipped emitting ENTITY_MOUNT game event for entity Spider['Spider'/14949, l='ServerLevel[world]', x=-455.50, y=22.00, z=1350.50] as it would cause deadlock
[05Sep2025 00:09:47.231] [Worker-Main-53/INFO] [STDOUT/]: [dev.hexnowloading.dungeonnowloading.entity.boss.ChaosSpawnerEntity:m_7380_:193]: []
[05Sep2025 00:09:47.473] [Worker-Main-77/WARN] [ModernFix/]: Skipped emitting ENTITY_MOUNT game event for entity Spider['Spider'/14962, l='ServerLevel[world]', x=-346.50, y=-28.00, z=1359.50] as it would cause deadlock
[05Sep2025 00:09:53.155] [Worker-Main-71/WARN] [ModernFix/]: Skipped emitting ENTITY_MOUNT game event for entity CaveSpider['Cave Spider'/15074, l='ServerLevel[world]', x=-344.50, y=22.00, z=1335.50] as it would cause deadlock
[05Sep2025 00:10:00.219] [Worker-Main-78/WARN] [ModernFix/]: Skipped emitting ENTITY_MOUNT game event for entity CaveSpider['Cave Spider'/15343, l='ServerLevel[world]', x=-349.50, y=-28.00, z=1284.50] as it would cause deadlock
[05Sep2025 00:10:21.550] [Worker-Main-78/WARN] [ModernFix/]: Skipped emitting ENTITY_MOUNT game event for entity Spider['Spider'/15760, l='ServerLevel[world]', x=-547.50, y=-28.00, z=1143.50] as it would cause deadlock
[05Sep2025 00:10:21.559] [Worker-Main-72/WARN] [ModernFix/]: Skipped emitting ENTITY_MOUNT game event for entity CaveSpider['Cave Spider'/15762, l='ServerLevel[world]', x=-539.50, y=-28.00, z=1143.50] as it would cause deadlock
[05Sep2025 00:10:21.644] [Worker-Main-71/ERROR] [net.minecraft.world.entity.decoration.HangingEntity/]: Hanging entity at invalid position: BlockPos{x=-418, y=-50, z=-208}
[05Sep2025 00:10:21.656] [Worker-Main-71/ERROR] [net.minecraft.world.entity.decoration.HangingEntity/]: Hanging entity at invalid position: BlockPos{x=-176, y=-50, z=-133}
[05Sep2025 00:10:21.656] [Worker-Main-71/ERROR] [net.minecraft.world.entity.decoration.HangingEntity/]: Hanging entity at invalid position: BlockPos{x=-172, y=-50, z=-135}
[05Sep2025 00:10:21.678] [Worker-Main-80/ERROR] [net.minecraft.world.level.block.entity.SculkShriekerBlockEntity/]: No key selector in MapLike[{event_delay:0,event_distance:0.0f,range:8,source:{pos:[I;-425,-56,-205],type:"minecraft:block"}}]
[05Sep2025 00:10:21.687] [Worker-Main-80/ERROR] [net.minecraft.world.entity.decoration.HangingEntity/]: Hanging entity at invalid position: BlockPos{x=-185, y=-46, z=-142}
[05Sep2025 00:10:24.262] [Worker-Main-77/ERROR] [net.minecraft.world.entity.decoration.HangingEntity/]: Hanging entity at invalid position: BlockPos{x=-423, y=-50, z=-211}
[05Sep2025 00:10:24.271] [Worker-Main-77/ERROR] [net.minecraft.world.entity.decoration.HangingEntity/]: Hanging entity at invalid position: BlockPos{x=-187, y=-46, z=-151}
[05Sep2025 00:10:24.271] [Worker-Main-77/ERROR] [net.minecraft.world.entity.decoration.HangingEntity/]: Hanging entity at invalid position: BlockPos{x=-187, y=-46, z=-143}
[05Sep2025 00:10:24.321] [Worker-Main-77/ERROR] [net.minecraft.world.entity.decoration.HangingEntity/]: Hanging entity at invalid position: BlockPos{x=-420, y=-50, z=-211}
[05Sep2025 00:10:24.321] [Worker-Main-77/ERROR] [net.minecraft.world.entity.decoration.HangingEntity/]: Hanging entity at invalid position: BlockPos{x=-413, y=-49, z=-217}
[05Sep2025 00:10:46.473] [Worker-Main-80/INFO] [STDOUT/]: [dev.hexnowloading.dungeonnowloading.entity.boss.ChaosSpawnerEntity:m_7380_:193]: []
[05Sep2025 00:10:46.500] [Worker-Main-77/WARN] [ModernFix/]: Skipped emitting ENTITY_MOUNT game event for entity Spider['Spider'/16164, l='ServerLevel[world]', x=-556.50, y=-53.00, z=1040.50] as it would cause deadlock
[05Sep2025 00:10:46.818] [Worker-Main-72/WARN] [ModernFix/]: Skipped emitting ENTITY_MOUNT game event for entity CaveSpider['Cave Spider'/16168, l='ServerLevel[world]', x=-504.50, y=-53.00, z=1044.50] as it would cause deadlock
[05Sep2025 00:10:46.862] [Worker-Main-72/WARN] [ModernFix/]: Skipped emitting ENTITY_MOUNT game event for entity Spider['Spider'/16172, l='ServerLevel[world]', x=-479.50, y=-53.00, z=1044.50] as it would cause deadlock
[05Sep2025 00:10:48.821] [Worker-Main-79/WARN] [ModernFix/]: Skipped emitting ENTITY_MOUNT game event for entity Spider['Spider'/16237, l='ServerLevel[world]', x=-479.50, y=-53.00, z=1036.50] as it would cause deadlock
[05Sep2025 00:10:48.874] [Worker-Main-71/WARN] [ModernFix/]: Skipped emitting ENTITY_MOUNT game event for entity Spider['Spider'/16247, l='ServerLevel[world]', x=-504.50, y=-53.00, z=1036.50] as it would cause deadlock
[05Sep2025 00:10:50.056] [Worker-Main-71/WARN] [ModernFix/]: Skipped emitting ENTITY_MOUNT game event for entity CaveSpider['Cave Spider'/16298, l='ServerLevel[world]', x=-539.50, y=-28.00, z=1018.50] as it would cause deadlock
[05Sep2025 00:10:52.025] [Server thread/INFO] [STDOUT/]: [dev.hexnowloading.dungeonnowloading.entity.boss.ChaosSpawnerEntity:m_7380_:193]: []
[05Sep2025 00:10:55.449] [Server thread/INFO] [STDOUT/]: [dev.hexnowloading.dungeonnowloading.entity.boss.ChaosSpawnerEntity:m_7380_:193]: []
[05Sep2025 00:11:40.001] [Server thread/INFO] [net.minecraft.server.MinecraftServer/]: ExultantBeast16 has made the advancement [Ice Bucket Challenge]
[05Sep2025 00:11:45.582] [Worker-Main-80/INFO] [STDOUT/]: [dev.hexnowloading.dungeonnowloading.entity.boss.ChaosSpawnerEntity:m_7380_:193]: []
[05Sep2025 00:11:48.952] [Worker-Main-53/WARN] [ModernFix/]: Skipped emitting ENTITY_MOUNT game event for entity Spider['Spider'/17543, l='ServerLevel[world]', x=270.50, y=-28.00, z=1010.50] as it would cause deadlock
[05Sep2025 00:11:54.060] [Worker-Main-81/WARN] [ModernFix/]: Skipped emitting ENTITY_MOUNT game event for entity CaveSpider['Cave Spider'/17813, l='ServerLevel[world]', x=277.50, y=-53.00, z=1004.50] as it would cause deadlock
[05Sep2025 00:12:07.703] [Server thread/INFO] [STDOUT/]: [dev.hexnowloading.dungeonnowloading.entity.boss.ChaosSpawnerEntity:m_7380_:193]: []
[05Sep2025 00:12:18.655] [Server thread/INFO] [net.blay09.mods.netherportalfix.NetherPortalFix/]: No return portal found
[05Sep2025 00:12:24.474] [Server thread/INFO] [net.minecraft.server.MinecraftServer/]: ExultantBeast16 has made the advancement [Incendium]
[05Sep2025 00:12:24.474] [Server thread/INFO] [net.minecraft.server.MinecraftServer/]: ExultantBeast16 has made the advancement [We Need to Go Deeper]
[05Sep2025 00:12:33.105] [Server thread/WARN] [net.minecraft.server.MinecraftServer/]: Can't keep up! Is the server overloaded? Running 14423ms or 288 ticks behind
[05Sep2025 00:12:33.249] [Server thread/INFO] [STDOUT/]: [dev.hexnowloading.dungeonnowloading.entity.boss.ChaosSpawnerEntity:m_7380_:193]: []
[05Sep2025 00:12:42.938] [Server thread/INFO] [net.minecraft.server.MinecraftServer/]: ExultantBeast16 has made the advancement [Strange Biomes]
[05Sep2025 00:14:52.945] [Server thread/INFO] [net.minecraft.server.MinecraftServer/]: ExultantBeast16 has made the advancement [A Terrible Fortress]
[05Sep2025 00:15:48.181] [Worker-Main-86/WARN] [ModernFix/]: Skipped emitting ENTITY_MOUNT game event for entity Strider['Strider'/20608, l='ServerLevel[world]', x=709.00, y=31.00, z=607.00] as it would cause deadlock
[05Sep2025 00:15:48.182] [Worker-Main-86/WARN] [ModernFix/]: Skipped emitting ENTITY_MOUNT game event for entity Strider['Strider'/20610, l='ServerLevel[world]', x=710.00, y=31.00, z=606.00] as it would cause deadlock
[05Sep2025 00:15:48.944] [Server thread/INFO] [net.minecraft.server.MinecraftServer/]: ExultantBeast16 has made the advancement [Darude - Firestorm]
